{"level":"info","message":"/api/likes/toggle/ - {\"postId\":1}","service":"User-service"}
{"level":"info","message":"/api/likes/ - {\"postId\":1}","service":"User-service"}
{"level":"info","message":"/api/comments/add - {\"postId\":2,\"content\":\"I posted on post 2\"}","service":"User-service"}
{"level":"info","message":"/api/posts/userposts - {}","service":"User-service"}
{"level":"info","message":"/api/posts/userposts - {}","service":"User-service"}
{"level":"info","message":"/api/likes/toggle/ - {\"postId\":2}","service":"User-service"}
{"level":"info","message":"/api/likes/toggle/ - {\"postId\":2}","service":"User-service"}
{"level":"info","message":"/api/likes/ - {\"postId\":2}","service":"User-service"}
{"level":"info","message":"/api/likes/toggle/ - {\"postId\":2}","service":"User-service"}
{"level":"info","message":"/api/likes/toggle/ - {\"postId\":2}","service":"User-service"}
{"level":"info","message":"/api/likes/toggle/ - {\"postId\":2}","service":"User-service"}
{"level":"info","message":"/api/likes/toggle/ - {\"postId\":2}","service":"User-service"}
{"level":"info","message":"/api/likes/toggle/ - {\"postId\":2}","service":"User-service"}
{"level":"info","message":"/api/likes/toggle/ - {\"postId\":2}","service":"User-service"}
{"level":"info","message":"/api/likes/toggle/ - {\"postId\":1}","service":"User-service"}
{"level":"info","message":"/api/likes/toggle/ - {\"postId\":1}","service":"User-service"}
{"level":"info","message":"/api/likes/ - {\"postId\":1}","service":"User-service"}
{"level":"info","message":"/api/likes/toggle/ - {\"postId\":3}","service":"User-service"}
{"level":"info","message":"/api/likes/ - {\"postId\":3}","service":"User-service"}
{"level":"info","message":"/api/comment/?postId=3 - {}","service":"User-service"}
{"level":"info","message":"/api/posts/caption?caption=caption1 - {}","service":"User-service"}
{"level":"info","message":"/api/posts/caption?caption=caption1 - {}","service":"User-service"}
{"level":"info","message":"/api/posts/caption?caption=123 - {}","service":"User-service"}
{"level":"info","message":"/api/posts/caption?caption=123 - {}","service":"User-service"}
{"level":"info","message":"/api/saves/ - {}","service":"User-service"}
{"level":"info","message":"/api/saves/ - {}","service":"User-service"}
{"level":"info","message":"/api/saves/ - {}","service":"User-service"}
{"level":"info","message":"/api/saves/toggle/ - {\"postId\":1}","service":"User-service"}
{"level":"info","message":"/api/saves/toggle/ - {\"postId\":1}","service":"User-service"}
{"level":"info","message":"/api/saves/toggle/?postId=1 - {\"postId\":1}","service":"User-service"}
{"level":"info","message":"/api/saves/toggle/?postId=1 - {\"postId\":1}","service":"User-service"}
{"level":"info","message":"/api/saves/toggle/?postId=1 - {\"postId\":1}","service":"User-service"}
{"level":"info","message":"/api/saves/toggle/?postId=1 - {\"postId\":1}","service":"User-service"}
{"level":"info","message":"/api/saves/toggle/?postId=1 - {\"postId\":1}","service":"User-service"}
{"level":"info","message":"/api/saves/toggle/?postId=1 - {\"postId\":1}","service":"User-service"}
{"level":"info","message":"/api/saves/toggle/?postId=1 - {\"postId\":1}","service":"User-service"}
{"level":"info","message":"/api/saves/toggle/?postId=1 - {\"postId\":1}","service":"User-service"}
{"level":"info","message":"/api/saves/toggle/?postId=1 - {\"postId\":1}","service":"User-service"}
{"level":"info","message":"/api/saves/toggle/?postId=1 - {\"postId\":1}","service":"User-service"}
{"level":"info","message":"/api/saves/toggle/?postId=1 - {\"postId\":1}","service":"User-service"}
{"level":"info","message":"/api/saves/toggle/?postId=1 - {\"postId\":1}","service":"User-service"}
{"level":"info","message":"/api/saves/toggle/?postId=1 - {\"postId\":1}","service":"User-service"}
{"level":"info","message":"/api/saves/toggle/?postId=1 - {\"postId\":1}","service":"User-service"}
{"level":"info","message":"/api/saves/toggle/?postId=2 - {\"postId\":1}","service":"User-service"}
{"level":"info","message":"/api/saves/toggle/?postId=2 - {\"postId\":1}","service":"User-service"}
{"level":"info","message":"/api/saves/toggle/?postId=2 - {\"postId\":1}","service":"User-service"}
{"level":"info","message":"/api/saves/toggle/?postId=2 - {\"postId\":1}","service":"User-service"}
{"level":"info","message":"/api/saves/toggle/?postId=2 - {\"postId\":1}","service":"User-service"}
{"level":"info","message":"/api/saves/toggle/?postId=2 - {\"postId\":1}","service":"User-service"}
{"level":"info","message":"/api/saves/toggle/?postId=1 - {\"postId\":1}","service":"User-service"}
{"level":"info","message":"/api/saves/toggle/?postId=1 - {\"postId\":1}","service":"User-service"}
{"level":"info","message":"/api/saves/toggle/?postId=1 - {\"postId\":1}","service":"User-service"}
{"level":"info","message":"/api/saves/toggle/?postId=1 - {\"postId\":1}","service":"User-service"}
{"level":"info","message":"/api/saves/toggle/?postId=1 - {\"postId\":1}","service":"User-service"}
{"level":"info","message":"/api/saves/toggle/?postId=1 - {\"postId\":1}","service":"User-service"}
{"level":"info","message":"/api/saves/toggle/?postId=1 - {\"postId\":1}","service":"User-service"}
{"level":"info","message":"/api/saves/toggle/?postId=1 - {\"postId\":1}","service":"User-service"}
{"level":"info","message":"/api/saves/toggle/?postId=1 - {\"postId\":1}","service":"User-service"}
{"level":"info","message":"/api/posts/ - {}","service":"User-service"}
{"level":"info","message":"/api/posts/ - {}","service":"User-service"}
{"level":"info","message":"/api/posts/?page=2 - {}","service":"User-service"}
{"level":"info","message":"/api/comment/?postId=3&page=2&limit=1 - {}","service":"User-service"}
{"level":"info","message":"/api/comments/?postId=3&page=2&limit=1 - {}","service":"User-service"}
{"level":"info","message":"/api/comments/?postId=3&page=2&limit=1 - {}","service":"User-service"}
{"level":"info","message":"/api/comments/?postId=1&page=2&limit=1 - {}","service":"User-service"}
{"level":"info","message":"/api/comments/?postId=2&page=2&limit=1 - {}","service":"User-service"}
{"level":"info","message":"/api/comments/?postId=4&page=2&limit=1 - {}","service":"User-service"}
{"level":"info","message":"/api/comments/?postId=5&page=2&limit=1 - {}","service":"User-service"}
{"level":"info","message":"/api/comments/?postId=1&page=1&limit=1 - {}","service":"User-service"}
{"level":"info","message":"/api/comments/?postId=1&page=2&limit=1 - {}","service":"User-service"}
{"level":"info","message":"/ - {}","service":"User-service"}
{"level":"info","message":"/api-docs - {}","service":"User-service"}
{"level":"info","message":"/api-docs/ - {}","service":"User-service"}
{"level":"info","message":"/api-docs/swagger-ui.css - {}","service":"User-service"}
{"level":"info","message":"/api-docs/swagger-ui-bundle.js - {}","service":"User-service"}
{"level":"info","message":"/api-docs/swagger-ui-standalone-preset.js - {}","service":"User-service"}
{"level":"info","message":"/api-docs/swagger-ui-init.js - {}","service":"User-service"}
{"level":"info","message":"/api-docs/favicon-32x32.png - {}","service":"User-service"}
{"level":"info","message":"/api-docs/ - {}","service":"User-service"}
{"level":"info","message":"/api-docs/swagger-ui.css - {}","service":"User-service"}
{"level":"info","message":"/api-docs/swagger-ui-bundle.js - {}","service":"User-service"}
{"level":"info","message":"/api-docs/swagger-ui-standalone-preset.js - {}","service":"User-service"}
{"level":"info","message":"/api-docs/swagger-ui-init.js - {}","service":"User-service"}
{"level":"info","message":"/api-docs/favicon-32x32.png - {}","service":"User-service"}
{"level":"info","message":"/api/users/ - {}","service":"User-service"}
{"level":"info","message":"/api/users/signup?name=abc&email=abhishek@blog.com&password=abc123 - {}","service":"User-service"}
{"level":"info","message":"/api/users/signup?name=abc&email=abhishek2@blog.com&password=abc123 - {}","service":"User-service"}
{"level":"info","message":"/api/posts/ - {}","service":"User-service"}
{"level":"info","message":"/api/posts/ - {}","service":"User-service"}
{"level":"info","message":"/api/posts/userposts - {}","service":"User-service"}
{"level":"info","message":"/api/posts/updatePost?caption=Post%20caption%20updated&postId=1&imageUrl - {}","service":"User-service"}
{"level":"info","message":"/api/posts/updatePost?caption=Post%20caption%20updated&postId=1&imageUrl - {}","service":"User-service"}
{"level":"info","message":"/api/posts/addPost - {}","service":"User-service"}
{"level":"info","message":"/api/posts/deletePost?postId=3 - {}","service":"User-service"}
{"level":"info","message":"/api/posts/deletePost?postId=3 - {}","service":"User-service"}
{"level":"info","message":"/api/posts/deletePost?postId=4 - {}","service":"User-service"}
{"level":"info","message":"/api/posts/deletePost?postId=5 - {}","service":"User-service"}
{"level":"info","message":"/api/posts/deletePost?postId=2 - {}","service":"User-service"}
{"level":"info","message":"/api/comments/?postId=3 - {}","service":"User-service"}
{"level":"info","message":"/api/comments/add - {\"postId\":2,\"content\":\"I posted on post 2\"}","service":"User-service"}
{"level":"info","message":"/api/comments/delete?id=3 - {\"id\":1,\"postId\":3}","service":"User-service"}
{"level":"info","message":"/api/comments/delete?id=3 - {\"id\":1,\"postId\":3}","service":"User-service"}
{"level":"info","message":"/api/comments/delete?id=3 - {\"id\":1,\"postId\":2}","service":"User-service"}
{"level":"info","message":"/api/comments/delete?id=3 - {\"id\":1,\"postId\":4}","service":"User-service"}
{"level":"info","message":"/api/comments/delete?id=3 - {\"id\":1,\"postId\":5}","service":"User-service"}
{"level":"info","message":"/api/comments/delete?id=3 - {\"id\":1,\"postId\":6}","service":"User-service"}
{"level":"info","message":"/api/comments/delete?id=3 - {\"id\":1,\"postId\":7}","service":"User-service"}
{"level":"info","message":"/api/comments/delete - {\"id\":1,\"postId\":3}","service":"User-service"}
{"level":"info","message":"/api/comments/delete - {\"id\":1,\"postId\":4}","service":"User-service"}
{"level":"info","message":"/api/comments/delete - {\"id\":1,\"postId\":6}","service":"User-service"}
{"level":"info","message":"/api/comments/delete - {\"id\":5,\"postId\":6}","service":"User-service"}
{"level":"info","message":"/api/comments/delete - {\"id\":3,\"postId\":6}","service":"User-service"}
{"level":"info","message":"/api/comments/delete - {\"id\":6,\"postId\":6}","service":"User-service"}
{"level":"info","message":"/api/likes/ - {\"postId\":5}","service":"User-service"}
{"level":"info","message":"/api/likes/ - {\"postId\":5}","service":"User-service"}
{"level":"info","message":"/api/likes/ - {\"postId\":6}","service":"User-service"}
{"level":"info","message":"/api/likes/ - {\"postId\":3}","service":"User-service"}
{"level":"info","message":"/api/likes/ - {\"postId\":2}","service":"User-service"}
{"level":"info","message":"/api/likes/ - {\"postId\":1}","service":"User-service"}
{"level":"info","message":"/api/likes/ - {\"postId\":3}","service":"User-service"}
{"level":"info","message":"/api/likes/?id=1 - {}","service":"User-service"}
{"level":"info","message":"/api/likes?id=1 - {}","service":"User-service"}
{"level":"info","message":"/api-docs - {}","service":"User-service"}
{"level":"info","message":"/api-docs/ - {}","service":"User-service"}
{"level":"info","message":"/api/likes?id=1 - {\"id\":1}","service":"User-service"}
{"level":"info","message":"/api-docs - {}","service":"User-service"}
{"level":"info","message":"/api-docs/ - {}","service":"User-service"}
{"level":"info","message":"/api-docs/swagger-ui.css - {}","service":"User-service"}
{"level":"info","message":"/api-docs/swagger-ui-bundle.js - {}","service":"User-service"}
{"level":"info","message":"/api-docs/swagger-ui-standalone-preset.js - {}","service":"User-service"}
{"level":"info","message":"/api-docs/swagger-ui-init.js - {}","service":"User-service"}
{"level":"info","message":"/api-docs/favicon-32x32.png - {}","service":"User-service"}
{"level":"info","message":"/api/likes/toggle - {\"postId\":1}","service":"User-service"}
{"level":"info","message":"/api/likes/toggle - {\"postId\":3}","service":"User-service"}
